Traceback (most recent call last):
  File "/home/goof/anaconda3/lib/python3.11/site-packages/jupyter_cache/executors/utils.py", line 58, in single_nb_execution
    executenb(
  File "/home/goof/anaconda3/lib/python3.11/site-packages/nbclient/client.py", line 1305, in execute
    return NotebookClient(nb=nb, resources=resources, km=km, **kwargs).execute()
           ^^^^^^^^^^^^^^^^^^^^^^^^^^^^^^^^^^^^^^^^^^^^^^^^^^^^^^^^^^^^^^^^^^^^^
  File "/home/goof/anaconda3/lib/python3.11/site-packages/jupyter_core/utils/__init__.py", line 173, in wrapped
    return loop.run_until_complete(inner)
           ^^^^^^^^^^^^^^^^^^^^^^^^^^^^^^
  File "/home/goof/anaconda3/lib/python3.11/asyncio/base_events.py", line 653, in run_until_complete
    return future.result()
           ^^^^^^^^^^^^^^^
  File "/home/goof/anaconda3/lib/python3.11/site-packages/nbclient/client.py", line 705, in async_execute
    await self.async_execute_cell(
  File "/home/goof/anaconda3/lib/python3.11/site-packages/nbclient/client.py", line 1058, in async_execute_cell
    await self._check_raise_for_error(cell, cell_index, exec_reply)
  File "/home/goof/anaconda3/lib/python3.11/site-packages/nbclient/client.py", line 914, in _check_raise_for_error
    raise CellExecutionError.from_cell_and_msg(cell, exec_reply_content)
nbclient.exceptions.CellExecutionError: An error occurred while executing the following cell:
------------------

# Define the emission types
emission_types = ['cement_co2_per_capita', 'coal_co2_per_capita', 'gas_co2_per_capita', 'oil_co2_per_capita', 'flaring_co2_per_capita', 'other_industry_co2']

# Sum the emissions for each type
emissions_sum = df_co2_elements[emission_types].sum()

# Dictionary to map column names to descriptive labels
label_map = {
    'cement_co2_per_capita': 'Cement',
    'coal_co2_per_capita': 'Coal ',
    'oil_co2_per_capita': 'Oil ',
    'gas_co2_per_capita': 'Gas',
    'other_industry_co2': 'Other Industry',
    'flaring_co2_per_capita': 'Flaring'
}

# Rename the index using the label map
emissions_sum.index = emissions_sum.index.map(label_map)

# Plot the pie chart
plt.figure(figsize=(20, 10))
plt.pie(emissions_sum, labels=emissions_sum.index, autopct='%1.1f%%', startangle=140)
plt.title('CO2 Emissions by Source per Capita')
plt.show()

------------------


[0;31m---------------------------------------------------------------------------[0m
[0;31mKeyError[0m                                  Traceback (most recent call last)
Cell [0;32mIn[3], line 5[0m
[1;32m      2[0m emission_types [38;5;241m=[39m [[38;5;124m'[39m[38;5;124mcement_co2_per_capita[39m[38;5;124m'[39m, [38;5;124m'[39m[38;5;124mcoal_co2_per_capita[39m[38;5;124m'[39m, [38;5;124m'[39m[38;5;124mgas_co2_per_capita[39m[38;5;124m'[39m, [38;5;124m'[39m[38;5;124moil_co2_per_capita[39m[38;5;124m'[39m, [38;5;124m'[39m[38;5;124mflaring_co2_per_capita[39m[38;5;124m'[39m, [38;5;124m'[39m[38;5;124mother_industry_co2[39m[38;5;124m'[39m]
[1;32m      4[0m [38;5;66;03m# Sum the emissions for each type[39;00m
[0;32m----> 5[0m emissions_sum [38;5;241m=[39m df_co2_elements[emission_types][38;5;241m.[39msum()
[1;32m      7[0m [38;5;66;03m# Dictionary to map column names to descriptive labels[39;00m
[1;32m      8[0m label_map [38;5;241m=[39m {
[1;32m      9[0m     [38;5;124m'[39m[38;5;124mcement_co2_per_capita[39m[38;5;124m'[39m: [38;5;124m'[39m[38;5;124mCement[39m[38;5;124m'[39m,
[1;32m     10[0m     [38;5;124m'[39m[38;5;124mcoal_co2_per_capita[39m[38;5;124m'[39m: [38;5;124m'[39m[38;5;124mCoal [39m[38;5;124m'[39m,
[0;32m   (...)[0m
[1;32m     14[0m     [38;5;124m'[39m[38;5;124mflaring_co2_per_capita[39m[38;5;124m'[39m: [38;5;124m'[39m[38;5;124mFlaring[39m[38;5;124m'[39m
[1;32m     15[0m }

File [0;32m~/anaconda3/lib/python3.11/site-packages/pandas/core/frame.py:3899[0m, in [0;36mDataFrame.__getitem__[0;34m(self, key)[0m
[1;32m   3897[0m     [38;5;28;01mif[39;00m is_iterator(key):
[1;32m   3898[0m         key [38;5;241m=[39m [38;5;28mlist[39m(key)
[0;32m-> 3899[0m     indexer [38;5;241m=[39m [38;5;28mself[39m[38;5;241m.[39mcolumns[38;5;241m.[39m_get_indexer_strict(key, [38;5;124m"[39m[38;5;124mcolumns[39m[38;5;124m"[39m)[[38;5;241m1[39m]
[1;32m   3901[0m [38;5;66;03m# take() does not accept boolean indexers[39;00m
[1;32m   3902[0m [38;5;28;01mif[39;00m [38;5;28mgetattr[39m(indexer, [38;5;124m"[39m[38;5;124mdtype[39m[38;5;124m"[39m, [38;5;28;01mNone[39;00m) [38;5;241m==[39m [38;5;28mbool[39m:

File [0;32m~/anaconda3/lib/python3.11/site-packages/pandas/core/indexes/base.py:6115[0m, in [0;36mIndex._get_indexer_strict[0;34m(self, key, axis_name)[0m
[1;32m   6112[0m [38;5;28;01melse[39;00m:
[1;32m   6113[0m     keyarr, indexer, new_indexer [38;5;241m=[39m [38;5;28mself[39m[38;5;241m.[39m_reindex_non_unique(keyarr)
[0;32m-> 6115[0m [38;5;28mself[39m[38;5;241m.[39m_raise_if_missing(keyarr, indexer, axis_name)
[1;32m   6117[0m keyarr [38;5;241m=[39m [38;5;28mself[39m[38;5;241m.[39mtake(indexer)
[1;32m   6118[0m [38;5;28;01mif[39;00m [38;5;28misinstance[39m(key, Index):
[1;32m   6119[0m     [38;5;66;03m# GH 42790 - Preserve name from an Index[39;00m

File [0;32m~/anaconda3/lib/python3.11/site-packages/pandas/core/indexes/base.py:6179[0m, in [0;36mIndex._raise_if_missing[0;34m(self, key, indexer, axis_name)[0m
[1;32m   6176[0m     [38;5;28;01mraise[39;00m [38;5;167;01mKeyError[39;00m([38;5;124mf[39m[38;5;124m"[39m[38;5;124mNone of [[39m[38;5;132;01m{[39;00mkey[38;5;132;01m}[39;00m[38;5;124m] are in the [[39m[38;5;132;01m{[39;00maxis_name[38;5;132;01m}[39;00m[38;5;124m][39m[38;5;124m"[39m)
[1;32m   6178[0m not_found [38;5;241m=[39m [38;5;28mlist[39m(ensure_index(key)[missing_mask[38;5;241m.[39mnonzero()[[38;5;241m0[39m]][38;5;241m.[39munique())
[0;32m-> 6179[0m [38;5;28;01mraise[39;00m [38;5;167;01mKeyError[39;00m([38;5;124mf[39m[38;5;124m"[39m[38;5;132;01m{[39;00mnot_found[38;5;132;01m}[39;00m[38;5;124m not in index[39m[38;5;124m"[39m)

[0;31mKeyError[0m: "['flaring_co2_per_capita'] not in index"

